Arguments: 
  C:\Program Files\nodejs\node.exe C:\Users\Yuanyuanzi_\AppData\Roaming\npm\node_modules\yarn\bin\yarn.js add nrm --global

PATH: 
  C:\WINDOWS\system32;C:\WINDOWS;C:\WINDOWS\System32\Wbem;C:\WINDOWS\System32\WindowsPowerShell\v1.0\;C:\WINDOWS\System32\OpenSSH\;C:\Program Files\nodejs\;D:\program files\Git\cmd;C:\Users\Yuanyuanzi_\AppData\Local\Microsoft\WindowsApps;C:\Program Files\Bandizip\;C:\Users\Yuanyuanzi_\AppData\Local\Programs\Microsoft VS Code\bin;C:\Users\Yuanyuanzi_\AppData\Roaming\npm;

Yarn version: 
  1.22.10

Node version: 
  14.15.2

Platform: 
  win32 x64

Trace: 
  Error: https://registry.npm.pinshuoshuo.xyz/nrm: authorization required to access package nrm
      at Request.params.callback [as _callback] (C:\Users\Yuanyuanzi_\AppData\Roaming\npm\node_modules\yarn\lib\cli.js:66988:18)
      at Request.self.callback (C:\Users\Yuanyuanzi_\AppData\Roaming\npm\node_modules\yarn\lib\cli.js:140662:22)
      at Request.emit (events.js:315:20)
      at Request.<anonymous> (C:\Users\Yuanyuanzi_\AppData\Roaming\npm\node_modules\yarn\lib\cli.js:141634:10)
      at Request.emit (events.js:315:20)
      at IncomingMessage.<anonymous> (C:\Users\Yuanyuanzi_\AppData\Roaming\npm\node_modules\yarn\lib\cli.js:141556:12)
      at Object.onceWrapper (events.js:421:28)
      at IncomingMessage.emit (events.js:327:22)
      at endReadableNT (internal/streams/readable.js:1327:12)
      at processTicksAndRejections (internal/process/task_queues.js:80:21)

npm manifest: 
  {
    "name": "rxjs",
    "version": "1.0.0",
    "main": "index.js",
    "repository": "git@github.com:yamamotook/rxjs.git",
    "author": "yamamoto <qq931266421@outlook.com>",
    "license": "MIT"
  }

yarn manifest: 
  No manifest

Lockfile: 
  No lockfile
